<?xml version="1.0" encoding="utf-8"?><testsuites name="pytest tests"><testsuite name="pytest" errors="0" failures="0" skipped="0" tests="25" time="10.018" timestamp="2026-02-06T19:21:02.324172+00:00" hostname="agent-env-27da8cc0-bbee-422e-9bf9-465bc44ecaef"><testcase classname="backend.tests.test_cost_accounting.TestAuthAndSession" name="test_login_with_admin_credentials" time="0.310" /><testcase classname="backend.tests.test_cost_accounting.TestAuthAndSession" name="test_login_with_test_user" time="0.308" /><testcase classname="backend.tests.test_cost_accounting.TestAuthAndSession" name="test_session_validation_with_token" time="0.349" /><testcase classname="backend.tests.test_cost_accounting.TestAuthAndSession" name="test_session_invalid_token" time="0.045" /><testcase classname="backend.tests.test_cost_accounting.TestChartOfAccounts" name="test_list_accounts" time="0.307" /><testcase classname="backend.tests.test_cost_accounting.TestChartOfAccounts" name="test_list_accounts_with_balances" time="0.303" /><testcase classname="backend.tests.test_cost_accounting.TestChartOfAccounts" name="test_list_accounts_by_type" time="0.466" /><testcase classname="backend.tests.test_cost_accounting.TestChartOfAccounts" name="test_create_account" time="0.302" /><testcase classname="backend.tests.test_cost_accounting.TestChartOfAccounts" name="test_get_account_by_id" time="0.421" /><testcase classname="backend.tests.test_cost_accounting.TestChartOfAccounts" name="test_update_account" time="0.340" /><testcase classname="backend.tests.test_cost_accounting.TestChartOfAccounts" name="test_verify_seeded_accounts" time="0.298" /><testcase classname="backend.tests.test_cost_accounting.TestJournalEntries" name="test_list_journal_entries" time="0.339" /><testcase classname="backend.tests.test_cost_accounting.TestJournalEntries" name="test_list_journal_entries_by_type" time="0.413" /><testcase classname="backend.tests.test_cost_accounting.TestJournalEntries" name="test_list_journal_entries_by_status" time="0.385" /><testcase classname="backend.tests.test_cost_accounting.TestJournalEntries" name="test_create_journal_entry" time="0.403" /><testcase classname="backend.tests.test_cost_accounting.TestJournalEntries" name="test_create_journal_entry_unbalanced_fails" time="0.361" /><testcase classname="backend.tests.test_cost_accounting.TestJournalEntries" name="test_post_journal_entry" time="0.387" /><testcase classname="backend.tests.test_cost_accounting.TestJournalEntries" name="test_delete_draft_journal_entry" time="0.380" /><testcase classname="backend.tests.test_cost_accounting.TestFinancialReports" name="test_trial_balance_report" time="0.299" /><testcase classname="backend.tests.test_cost_accounting.TestFinancialReports" name="test_inventory_valuation_report" time="0.298" /><testcase classname="backend.tests.test_cost_accounting.TestFinancialReports" name="test_inventory_valuation_by_warehouse" time="0.342" /><testcase classname="backend.tests.test_cost_accounting.TestFinancialReports" name="test_profit_loss_report" time="0.298" /><testcase classname="backend.tests.test_cost_accounting.TestAutomatedJournalPosting" name="test_inventory_receipt_creates_journal" time="1.010" /><testcase classname="backend.tests.test_cost_accounting.TestAutomatedJournalPosting" name="test_sales_order_completion_creates_journal" time="1.085" /><testcase classname="backend.tests.test_cost_accounting.TestSeedData" name="test_seed_endpoint" time="0.366" /></testsuite></testsuites>